2025-07-23 14:34:25.374 [AsyncHttpClient-3-2] WARN  WeCrossRPCService() - send onFailed: 
com.webank.wecrosssdk.exception.WeCrossSDKException: AsyncSend exception: io.netty.channel.AbstractChannel$AnnotatedConnectException: Connection refused: /127.0.0.1:8250
	at com.webank.wecrosssdk.rpc.service.WeCrossRPCService$2.onThrowable(WeCrossRPCService.java:277) ~[wecross-java-sdk-1.3.0.jar:?]
	at org.asynchttpclient.netty.NettyResponseFuture.abort(NettyResponseFuture.java:277) ~[async-http-client-2.12.3.jar:?]
	at org.asynchttpclient.netty.channel.NettyConnectListener.onFailure(NettyConnectListener.java:181) ~[async-http-client-2.12.3.jar:?]
	at org.asynchttpclient.netty.channel.NettyChannelConnector$1.onFailure(NettyChannelConnector.java:108) ~[async-http-client-2.12.3.jar:?]
	at org.asynchttpclient.netty.SimpleChannelFutureListener.operationComplete(SimpleChannelFutureListener.java:28) ~[async-http-client-2.12.3.jar:?]
	at org.asynchttpclient.netty.SimpleChannelFutureListener.operationComplete(SimpleChannelFutureListener.java:20) ~[async-http-client-2.12.3.jar:?]
	at io.netty.util.concurrent.DefaultPromise.notifyListener0(DefaultPromise.java:578) ~[netty-common-4.1.60.Final.jar:4.1.60.Final]
	at io.netty.util.concurrent.DefaultPromise.notifyListeners0(DefaultPromise.java:571) ~[netty-common-4.1.60.Final.jar:4.1.60.Final]
	at io.netty.util.concurrent.DefaultPromise.notifyListenersNow(DefaultPromise.java:550) ~[netty-common-4.1.60.Final.jar:4.1.60.Final]
	at io.netty.util.concurrent.DefaultPromise.notifyListeners(DefaultPromise.java:491) ~[netty-common-4.1.60.Final.jar:4.1.60.Final]
	at io.netty.util.concurrent.DefaultPromise.setValue0(DefaultPromise.java:616) ~[netty-common-4.1.60.Final.jar:4.1.60.Final]
	at io.netty.util.concurrent.DefaultPromise.setFailure0(DefaultPromise.java:609) ~[netty-common-4.1.60.Final.jar:4.1.60.Final]
	at io.netty.util.concurrent.DefaultPromise.tryFailure(DefaultPromise.java:117) ~[netty-common-4.1.60.Final.jar:4.1.60.Final]
	at io.netty.channel.nio.AbstractNioChannel$AbstractNioUnsafe.fulfillConnectPromise(AbstractNioChannel.java:321) ~[netty-transport-4.1.60.Final.jar:4.1.60.Final]
	at io.netty.channel.nio.AbstractNioChannel$AbstractNioUnsafe.finishConnect(AbstractNioChannel.java:337) ~[netty-transport-4.1.60.Final.jar:4.1.60.Final]
	at io.netty.channel.nio.NioEventLoop.processSelectedKey(NioEventLoop.java:707) ~[netty-transport-4.1.60.Final.jar:4.1.60.Final]
	at io.netty.channel.nio.NioEventLoop.processSelectedKeysOptimized(NioEventLoop.java:655) ~[netty-transport-4.1.60.Final.jar:4.1.60.Final]
	at io.netty.channel.nio.NioEventLoop.processSelectedKeys(NioEventLoop.java:581) ~[netty-transport-4.1.60.Final.jar:4.1.60.Final]
	at io.netty.channel.nio.NioEventLoop.run(NioEventLoop.java:493) ~[netty-transport-4.1.60.Final.jar:4.1.60.Final]
	at io.netty.util.concurrent.SingleThreadEventExecutor$4.run(SingleThreadEventExecutor.java:989) ~[netty-common-4.1.60.Final.jar:4.1.60.Final]
	at io.netty.util.internal.ThreadExecutorMap$2.run(ThreadExecutorMap.java:74) ~[netty-common-4.1.60.Final.jar:4.1.60.Final]
	at io.netty.util.concurrent.FastThreadLocalRunnable.run(FastThreadLocalRunnable.java:30) ~[netty-common-4.1.60.Final.jar:4.1.60.Final]
	at java.lang.Thread.run(Thread.java:829) ~[?:?]
2025-07-23 14:34:25.376 [main] ERROR WeCrossRPCService() - e: 
com.webank.wecrosssdk.exception.WeCrossSDKException: AsyncSend exception: io.netty.channel.AbstractChannel$AnnotatedConnectException: Connection refused: /127.0.0.1:8250
	at com.webank.wecrosssdk.rpc.service.WeCrossRPCService$2.onThrowable(WeCrossRPCService.java:277) ~[wecross-java-sdk-1.3.0.jar:?]
	at org.asynchttpclient.netty.NettyResponseFuture.abort(NettyResponseFuture.java:277) ~[async-http-client-2.12.3.jar:?]
	at org.asynchttpclient.netty.channel.NettyConnectListener.onFailure(NettyConnectListener.java:181) ~[async-http-client-2.12.3.jar:?]
	at org.asynchttpclient.netty.channel.NettyChannelConnector$1.onFailure(NettyChannelConnector.java:108) ~[async-http-client-2.12.3.jar:?]
	at org.asynchttpclient.netty.SimpleChannelFutureListener.operationComplete(SimpleChannelFutureListener.java:28) ~[async-http-client-2.12.3.jar:?]
	at org.asynchttpclient.netty.SimpleChannelFutureListener.operationComplete(SimpleChannelFutureListener.java:20) ~[async-http-client-2.12.3.jar:?]
	at io.netty.util.concurrent.DefaultPromise.notifyListener0(DefaultPromise.java:578) ~[netty-common-4.1.60.Final.jar:4.1.60.Final]
	at io.netty.util.concurrent.DefaultPromise.notifyListeners0(DefaultPromise.java:571) ~[netty-common-4.1.60.Final.jar:4.1.60.Final]
	at io.netty.util.concurrent.DefaultPromise.notifyListenersNow(DefaultPromise.java:550) ~[netty-common-4.1.60.Final.jar:4.1.60.Final]
	at io.netty.util.concurrent.DefaultPromise.notifyListeners(DefaultPromise.java:491) ~[netty-common-4.1.60.Final.jar:4.1.60.Final]
	at io.netty.util.concurrent.DefaultPromise.setValue0(DefaultPromise.java:616) ~[netty-common-4.1.60.Final.jar:4.1.60.Final]
	at io.netty.util.concurrent.DefaultPromise.setFailure0(DefaultPromise.java:609) ~[netty-common-4.1.60.Final.jar:4.1.60.Final]
	at io.netty.util.concurrent.DefaultPromise.tryFailure(DefaultPromise.java:117) ~[netty-common-4.1.60.Final.jar:4.1.60.Final]
	at io.netty.channel.nio.AbstractNioChannel$AbstractNioUnsafe.fulfillConnectPromise(AbstractNioChannel.java:321) ~[netty-transport-4.1.60.Final.jar:4.1.60.Final]
	at io.netty.channel.nio.AbstractNioChannel$AbstractNioUnsafe.finishConnect(AbstractNioChannel.java:337) ~[netty-transport-4.1.60.Final.jar:4.1.60.Final]
	at io.netty.channel.nio.NioEventLoop.processSelectedKey(NioEventLoop.java:707) ~[netty-transport-4.1.60.Final.jar:4.1.60.Final]
	at io.netty.channel.nio.NioEventLoop.processSelectedKeysOptimized(NioEventLoop.java:655) ~[netty-transport-4.1.60.Final.jar:4.1.60.Final]
	at io.netty.channel.nio.NioEventLoop.processSelectedKeys(NioEventLoop.java:581) ~[netty-transport-4.1.60.Final.jar:4.1.60.Final]
	at io.netty.channel.nio.NioEventLoop.run(NioEventLoop.java:493) ~[netty-transport-4.1.60.Final.jar:4.1.60.Final]
	at io.netty.util.concurrent.SingleThreadEventExecutor$4.run(SingleThreadEventExecutor.java:989) ~[netty-common-4.1.60.Final.jar:4.1.60.Final]
	at io.netty.util.internal.ThreadExecutorMap$2.run(ThreadExecutorMap.java:74) ~[netty-common-4.1.60.Final.jar:4.1.60.Final]
	at io.netty.util.concurrent.FastThreadLocalRunnable.run(FastThreadLocalRunnable.java:30) ~[netty-common-4.1.60.Final.jar:4.1.60.Final]
	at java.lang.Thread.run(Thread.java:829) ~[?:?]
2025-07-23 14:34:40.353 [main] ERROR WeCrossRPCService() - Request's method required AUTH, but current credential is null.
2025-07-23 14:34:40.354 [main] ERROR WeCrossRPCService() - Catch SDKException in asyncSend, errorMessage: Command listAccount needs Auth, please login.
com.webank.wecrosssdk.exception.WeCrossSDKException: Command listAccount needs Auth, please login.
	at com.webank.wecrosssdk.rpc.service.WeCrossRPCService.asyncSend(WeCrossRPCService.java:213) ~[wecross-java-sdk-1.3.0.jar:?]
	at com.webank.wecrosssdk.rpc.service.WeCrossRPCService.send(WeCrossRPCService.java:88) ~[wecross-java-sdk-1.3.0.jar:?]
	at com.webank.wecrosssdk.rpc.RemoteCall.send(RemoteCall.java:30) ~[wecross-java-sdk-1.3.0.jar:?]
	at com.webank.wecross.console.rpc.RPCImpl.listAccount(RPCImpl.java:78) ~[wecross-console-1.3.0.jar:?]
	at com.webank.wecross.console.Shell.main(Shell.java:135) ~[wecross-console-1.3.0.jar:?]
2025-07-23 14:34:40.356 [main] WARN  WeCrossRPCService() - send onFailed: 
com.webank.wecrosssdk.exception.WeCrossSDKException: SDKException happened in asyncSend, errorMessage:Command listAccount needs Auth, please login.
	at com.webank.wecrosssdk.rpc.service.WeCrossRPCService.asyncSend(WeCrossRPCService.java:286) ~[wecross-java-sdk-1.3.0.jar:?]
	at com.webank.wecrosssdk.rpc.service.WeCrossRPCService.send(WeCrossRPCService.java:88) ~[wecross-java-sdk-1.3.0.jar:?]
	at com.webank.wecrosssdk.rpc.RemoteCall.send(RemoteCall.java:30) ~[wecross-java-sdk-1.3.0.jar:?]
	at com.webank.wecross.console.rpc.RPCImpl.listAccount(RPCImpl.java:78) ~[wecross-console-1.3.0.jar:?]
	at com.webank.wecross.console.Shell.main(Shell.java:135) ~[wecross-console-1.3.0.jar:?]
2025-07-23 14:34:40.358 [main] ERROR WeCrossRPCService() - e: 
com.webank.wecrosssdk.exception.WeCrossSDKException: SDKException happened in asyncSend, errorMessage:Command listAccount needs Auth, please login.
	at com.webank.wecrosssdk.rpc.service.WeCrossRPCService.asyncSend(WeCrossRPCService.java:286) ~[wecross-java-sdk-1.3.0.jar:?]
	at com.webank.wecrosssdk.rpc.service.WeCrossRPCService.send(WeCrossRPCService.java:88) ~[wecross-java-sdk-1.3.0.jar:?]
	at com.webank.wecrosssdk.rpc.RemoteCall.send(RemoteCall.java:30) ~[wecross-java-sdk-1.3.0.jar:?]
	at com.webank.wecross.console.rpc.RPCImpl.listAccount(RPCImpl.java:78) ~[wecross-console-1.3.0.jar:?]
	at com.webank.wecross.console.Shell.main(Shell.java:135) ~[wecross-console-1.3.0.jar:?]
